[30Nov2024 00:00:29.270] [Server thread/INFO] [net.minecraft.server.network.ServerGamePacketListenerImpl/]: Mako_lombiano_ issued server command: /tp Mart
[30Nov2024 00:00:29.271] [Server thread/INFO] [net.minecraft.server.MinecraftServer/]: [Mako_lombiano_: Teleported Mako_lombiano_ to Mart]
[30Nov2024 00:00:30.133] [Server thread/INFO] [net.minecraft.server.MinecraftServer/]: Mart was shot by Stray
[30Nov2024 00:00:34.730] [Server thread/INFO] [net.minecraft.server.network.ServerGamePacketListenerImpl/]: Mart issued server command: /tp Mako_lombiano_
[30Nov2024 00:00:34.730] [Server thread/INFO] [net.minecraft.server.MinecraftServer/]: [Mart: Teleported Mart to Mako_lombiano_]
[30Nov2024 00:00:49.230] [Server thread/INFO] [net.minecraft.server.MinecraftServer/]: Mart was slain by Husk
[30Nov2024 00:00:52.228] [Server thread/INFO] [net.minecraft.server.network.ServerGamePacketListenerImpl/]: Mart issued server command: /tp Mako_lombiano_
[30Nov2024 00:00:52.229] [Server thread/INFO] [net.minecraft.server.MinecraftServer/]: [Mart: Teleported Mart to Mako_lombiano_]
[30Nov2024 00:01:07.985] [Server thread/INFO] [net.minecraft.server.MinecraftServer/]: Mart has made the advancement ['Kill Yourself' Has Acquired a New Meaning]
[30Nov2024 00:01:07.986] [Server thread/INFO] [net.minecraft.world.entity.LivingEntity/]: Named entity Husk['Mart'/5013, l='ServerLevel[world]', x=-392.23, y=114.00, z=-54.78] died: Mart was slain by Mart
[30Nov2024 00:01:16.437] [Server thread/INFO] [net.minecraft.server.MinecraftServer/]: Mart has completed the challenge [Champion Hunter]
[30Nov2024 00:01:20.577] [Server thread/INFO] [net.minecraft.server.MinecraftServer/]: Mako_lombiano_ has made the advancement [Acquire Hardware]
[30Nov2024 00:01:46.128] [Server thread/INFO] [net.minecraft.server.MinecraftServer/]: Mako_lombiano_ was shot by Stray
[30Nov2024 00:01:55.158] [Server thread/INFO] [net.minecraft.server.network.ServerGamePacketListenerImpl/]: Mako_lombiano_ issued server command: /tp Mart
[30Nov2024 00:01:55.159] [Server thread/INFO] [net.minecraft.server.MinecraftServer/]: [Mako_lombiano_: Teleported Mako_lombiano_ to Mart]
[30Nov2024 00:01:55.784] [Server thread/INFO] [com.github.sculkhorde.core.SculkHorde/]: Saving 0 events.
[30Nov2024 00:01:55.784] [Server thread/INFO] [com.github.sculkhorde.core.SculkHorde/]: Saved 0 events. Took 0 Milliseconds.
[30Nov2024 00:02:00.854] [Async Chat Thread - #5/INFO] [net.minecraft.server.MinecraftServer/]: [Not Secure] <Mako_lombiano_> q crees
[30Nov2024 00:03:21.180] [Server thread/INFO] [net.minecraft.server.network.ServerGamePacketListenerImpl/]: Mako_lombiano_ issued server command: /tp Mart Mako_lombiano_
[30Nov2024 00:03:21.181] [Server thread/INFO] [net.minecraft.server.MinecraftServer/]: [Mako_lombiano_: Teleported Mart to Mako_lombiano_]
